<?xml version="1.0" encoding="UTF-8" ?>
<testsuites>
  <testsuite errors="2" failures="0" hostname="MacBook-Pro.local" id="0" name="UrlMappingTests" package="com.jwt.cms.wellnesscalendar" tests="2" time="0.586" timestamp="2010-04-17T21:56:50">
      <properties />

      <testcase classname="com.jwt.cms.wellnesscalendar.UrlMappingTests" name="testPreviewCalendarPage" time="0.116">
          <error message="No signature of method: com.jwt.cms.wellnesscalendar.UrlMappingTests.assertUrlMapping() is applicable for argument types: (java.util.LinkedHashMap, java.lang.String) values: [[controller:previewCalendar, action:index], /]" type="groovy.lang.MissingMethodException">groovy.lang.MissingMethodException: No signature of method: com.jwt.cms.wellnesscalendar.UrlMappingTests.assertUrlMapping() is applicable for argument types: (java.util.LinkedHashMap, java.lang.String) values: [[controller:previewCalendar, action:index], /]
	at com.jwt.cms.wellnesscalendar.UrlMappingTests.testPreviewCalendarPage(UrlMappingTests.groovy:8)
	at junit.framework.Test$run.call(Unknown Source)
	at _GrailsTest_groovy$_run_closure4.doCall(_GrailsTest_groovy:262)
	at _GrailsTest_groovy$_run_closure4.call(_GrailsTest_groovy)
	at _GrailsTest_groovy$_run_closure2.doCall(_GrailsTest_groovy:221)
	at _GrailsTest_groovy$_run_closure1_closure21.doCall(_GrailsTest_groovy:181)
	at _GrailsTest_groovy$_run_closure1.doCall(_GrailsTest_groovy:168)
	at TestApp$_run_closure1.doCall(TestApp.groovy:102)
	at gant.Gant$_dispatch_closure4.doCall(Gant.groovy:324)
	at gant.Gant$_dispatch_closure6.doCall(Gant.groovy:334)
	at gant.Gant$_dispatch_closure6.doCall(Gant.groovy)
	at gant.Gant.withBuildListeners(Gant.groovy:344)
	at gant.Gant.this$2$withBuildListeners(Gant.groovy)
	at gant.Gant$this$2$withBuildListeners.callCurrent(Unknown Source)
	at gant.Gant.dispatch(Gant.groovy:334)
	at gant.Gant.this$2$dispatch(Gant.groovy)
	at gant.Gant.invokeMethod(Gant.groovy)
	at gant.Gant.processTargets(Gant.groovy:495)
	at gant.Gant.processTargets(Gant.groovy:480)
</error>

      </testcase>

      <testcase classname="com.jwt.cms.wellnesscalendar.UrlMappingTests" name="testErrorPages" time="0.063">
          <error message="No signature of method: com.jwt.cms.wellnesscalendar.UrlMappingTests.assertForwardUrlMapping() is applicable for argument types: (java.util.LinkedHashMap, java.lang.Integer) values: [[view:error], 500]" type="groovy.lang.MissingMethodException">groovy.lang.MissingMethodException: No signature of method: com.jwt.cms.wellnesscalendar.UrlMappingTests.assertForwardUrlMapping() is applicable for argument types: (java.util.LinkedHashMap, java.lang.Integer) values: [[view:error], 500]
	at com.jwt.cms.wellnesscalendar.UrlMappingTests.testErrorPages(UrlMappingTests.groovy:14)
	at junit.framework.Test$run.call(Unknown Source)
	at _GrailsTest_groovy$_run_closure4.doCall(_GrailsTest_groovy:262)
	at _GrailsTest_groovy$_run_closure4.call(_GrailsTest_groovy)
	at _GrailsTest_groovy$_run_closure2.doCall(_GrailsTest_groovy:221)
	at _GrailsTest_groovy$_run_closure1_closure21.doCall(_GrailsTest_groovy:181)
	at _GrailsTest_groovy$_run_closure1.doCall(_GrailsTest_groovy:168)
	at TestApp$_run_closure1.doCall(TestApp.groovy:102)
	at gant.Gant$_dispatch_closure4.doCall(Gant.groovy:324)
	at gant.Gant$_dispatch_closure6.doCall(Gant.groovy:334)
	at gant.Gant$_dispatch_closure6.doCall(Gant.groovy)
	at gant.Gant.withBuildListeners(Gant.groovy:344)
	at gant.Gant.this$2$withBuildListeners(Gant.groovy)
	at gant.Gant$this$2$withBuildListeners.callCurrent(Unknown Source)
	at gant.Gant.dispatch(Gant.groovy:334)
	at gant.Gant.this$2$dispatch(Gant.groovy)
	at gant.Gant.invokeMethod(Gant.groovy)
	at gant.Gant.processTargets(Gant.groovy:495)
	at gant.Gant.processTargets(Gant.groovy:480)
</error>

      </testcase>

      <system-out><![CDATA[--Output from testPreviewCalendarPage--
--Output from testErrorPages--
]]></system-out>

      <system-err><![CDATA[--Output from testPreviewCalendarPage--
--Output from testErrorPages--
]]></system-err>

  </testsuite>
  <testsuite errors="0" failures="0" hostname="MacBook-Pro.local" id="1" name="ActivityCategoryControllerTests" package="com.jwt.cms.wellnesscalendar" tests="1" time="1.512" timestamp="2010-04-17T21:56:23">
      <properties />

      <testcase classname="com.jwt.cms.wellnesscalendar.ActivityCategoryControllerTests" name="testSomething" time="1.511" />

      <system-out><![CDATA[--Output from testSomething--
]]></system-out>

      <system-err><![CDATA[--Output from testSomething--
]]></system-err>

  </testsuite>
  <testsuite errors="0" failures="0" hostname="MacBook-Pro.local" id="2" name="ActivityCategoryTests" package="com.jwt.cms.wellnesscalendar" tests="1" time="0.453" timestamp="2010-04-17T21:56:25">
      <properties />

      <testcase classname="com.jwt.cms.wellnesscalendar.ActivityCategoryTests" name="testConstraints" time="0.453" />

      <system-out><![CDATA[--Output from testConstraints--
]]></system-out>

      <system-err><![CDATA[--Output from testConstraints--
]]></system-err>

  </testsuite>
  <testsuite errors="0" failures="0" hostname="MacBook-Pro.local" id="3" name="ActivityControllerTests" package="com.jwt.cms.wellnesscalendar" tests="1" time="0.015" timestamp="2010-04-17T21:56:25">
      <properties />

      <testcase classname="com.jwt.cms.wellnesscalendar.ActivityControllerTests" name="testSomething" time="0.014" />

      <system-out><![CDATA[--Output from testSomething--
]]></system-out>

      <system-err><![CDATA[--Output from testSomething--
]]></system-err>

  </testsuite>
  <testsuite errors="0" failures="0" hostname="MacBook-Pro.local" id="4" name="ActivityTests" package="com.jwt.cms.wellnesscalendar" tests="1" time="0.146" timestamp="2010-04-17T21:56:25">
      <properties />

      <testcase classname="com.jwt.cms.wellnesscalendar.ActivityTests" name="testConstraints" time="0.146" />

      <system-out><![CDATA[--Output from testConstraints--
]]></system-out>

      <system-err><![CDATA[--Output from testConstraints--
]]></system-err>

  </testsuite>
  <testsuite errors="0" failures="0" hostname="MacBook-Pro.local" id="5" name="ActivityTypeControllerTests" package="com.jwt.cms.wellnesscalendar" tests="1" time="0.015" timestamp="2010-04-17T21:56:25">
      <properties />

      <testcase classname="com.jwt.cms.wellnesscalendar.ActivityTypeControllerTests" name="testSomething" time="0.015" />

      <system-out><![CDATA[--Output from testSomething--
]]></system-out>

      <system-err><![CDATA[--Output from testSomething--
]]></system-err>

  </testsuite>
  <testsuite errors="0" failures="0" hostname="MacBook-Pro.local" id="6" name="ActivityTypeTests" package="com.jwt.cms.wellnesscalendar" tests="1" time="0.025" timestamp="2010-04-17T21:56:25">
      <properties />

      <testcase classname="com.jwt.cms.wellnesscalendar.ActivityTypeTests" name="testConstraints" time="0.024" />

      <system-out><![CDATA[--Output from testConstraints--
]]></system-out>

      <system-err><![CDATA[--Output from testConstraints--
]]></system-err>

  </testsuite>
  <testsuite errors="0" failures="0" hostname="MacBook-Pro.local" id="7" name="PreviewCalendarControllerTests" package="com.jwt.cms.wellnesscalendar" tests="1" time="0.05" timestamp="2010-04-17T21:56:25">
      <properties />

      <testcase classname="com.jwt.cms.wellnesscalendar.PreviewCalendarControllerTests" name="testSomething" time="0.05" />

      <system-out><![CDATA[--Output from testSomething--
]]></system-out>

      <system-err><![CDATA[--Output from testSomething--
]]></system-err>

  </testsuite>
  <testsuite errors="0" failures="0" hostname="MacBook-Pro.local" id="8" name="UITagLibTests" package="com.jwt.cms.wellnesscalendar" tests="1" time="0.077" timestamp="2010-04-17T21:56:25">
      <properties />

      <testcase classname="com.jwt.cms.wellnesscalendar.UITagLibTests" name="testSomething" time="0.074" />

      <system-out><![CDATA[--Output from testSomething--
]]></system-out>

      <system-err><![CDATA[--Output from testSomething--
]]></system-err>

  </testsuite>
</testsuites>
